# JRE version: OpenJDK Runtime Environment Temurin-21.0.10+7 (21.0.10+7) (build 21.0.10+7-LTS)
# Java VM: OpenJDK 64-Bit Server VM Temurin-21.0.10+7 (21.0.10+7-LTS, mixed mode, sharing, tiered, compressed oops, compressed class ptrs, parallel gc, windows-amd64)
GC Precious Log:
 CardTable entry size: 512
 CPUs: 12 total, 12 available
 Memory: 7528M
 Large Page Support: Disabled
 NUMA Support: Disabled
 Compressed Oops: Enabled (32-bit)
 Alignments: Space 512K, Generation 512K, Heap 2M
 Heap Min Capacity: 100M
 Heap Initial Capacity: 100M
 Heap Max Capacity: 2G
 Pre-touch: Disabled
 Parallel Workers: 10
Heap:
 PSYoungGen      total 20480K, used 9966K [0x00000000d5580000, 0x00000000d6f80000, 0x0000000100000000)
  eden space 19456K, 46% used [0x00000000d5580000,0x00000000d5e6d6a0,0x00000000d6880000)
  from space 1024K, 80% used [0x00000000d6e80000,0x00000000d6f4e270,0x00000000d6f80000)
  to   space 1536K, 0% used [0x00000000d6c80000,0x00000000d6c80000,0x00000000d6e00000)
 ParOldGen       total 68608K, used 53084K [0x0000000080000000, 0x0000000084300000, 0x00000000d5580000)
  object space 68608K, 77% used [0x0000000080000000,0x00000000833d7170,0x0000000084300000)
 Metaspace       used 63368K, committed 64832K, reserved 1114112K
  class space    used 6597K, committed 7232K, reserved 1048576K
GC Heap History (20 events):
Event: 51.963 GC heap before
{Heap before GC invocations=34 (full 2):
 PSYoungGen      total 22528K, used 22086K [0x00000000d5580000, 0x00000000d6e80000, 0x0000000100000000)
  eden space 19456K, 100% used [0x00000000d5580000,0x00000000d6880000,0x00000000d6880000)
  from space 3072K, 85% used [0x00000000d6880000,0x00000000d6b11a08,0x00000000d6b80000)
  to   space 3072K, 0% used [0x00000000d6b80000,0x00000000d6b80000,0x00000000d6e80000)
 ParOldGen       total 68608K, used 43911K [0x0000000080000000, 0x0000000084300000, 0x00000000d5580000)
  object space 68608K, 64% used [0x0000000080000000,0x0000000082ae1e30,0x0000000084300000)
 Metaspace       used 57147K, committed 58496K, reserved 1114112K
  class space    used 6089K, committed 6656K, reserved 1048576K
}
Event: 51.967 GC heap after
{Heap after GC invocations=34 (full 2):
 PSYoungGen      total 20480K, used 672K [0x00000000d5580000, 0x00000000d6c80000, 0x0000000100000000)
  eden space 19456K, 0% used [0x00000000d5580000,0x00000000d5580000,0x00000000d6880000)
  from space 1024K, 65% used [0x00000000d6b80000,0x00000000d6c28020,0x00000000d6c80000)
  to   space 1536K, 0% used [0x00000000d6980000,0x00000000d6980000,0x00000000d6b00000)
 ParOldGen       total 68608K, used 46404K [0x0000000080000000, 0x0000000084300000, 0x00000000d5580000)
  object space 68608K, 67% used [0x0000000080000000,0x0000000082d51238,0x0000000084300000)
 Metaspace       used 57147K, committed 58496K, reserved 1114112K
  class space    used 6089K, committed 6656K, reserved 1048576K
}
Event: 52.795 GC heap before
{Heap before GC invocations=35 (full 2):
 PSYoungGen      total 20480K, used 20128K [0x00000000d5580000, 0x00000000d6c80000, 0x0000000100000000)
  eden space 19456K, 100% used [0x00000000d5580000,0x00000000d6880000,0x00000000d6880000)
  from space 1024K, 65% used [0x00000000d6b80000,0x00000000d6c28020,0x00000000d6c80000)
  to   space 1536K, 0% used [0x00000000d6980000,0x00000000d6980000,0x00000000d6b00000)
 ParOldGen       total 68608K, used 46404K [0x0000000080000000, 0x0000000084300000, 0x00000000d5580000)
  object space 68608K, 67% used [0x0000000080000000,0x0000000082d51238,0x0000000084300000)
 Metaspace       used 58256K, committed 59584K, reserved 1114112K
  class space    used 6176K, committed 6720K, reserved 1048576K
}
Event: 52.816 GC heap after
{Heap after GC invocations=35 (full 2):
 PSYoungGen      total 20992K, used 1514K [0x00000000d5580000, 0x00000000d7e80000, 0x0000000100000000)
  eden space 19456K, 0% used [0x00000000d5580000,0x00000000d5580000,0x00000000d6880000)
  from space 1536K, 98% used [0x00000000d6980000,0x00000000d6afabb8,0x00000000d6b00000)
  to   space 11264K, 0% used [0x00000000d7380000,0x00000000d7380000,0x00000000d7e80000)
 ParOldGen       total 68608K, used 54391K [0x0000000080000000, 0x0000000084300000, 0x00000000d5580000)
  object space 68608K, 79% used [0x0000000080000000,0x000000008351de50,0x0000000084300000)
 Metaspace       used 58256K, committed 59584K, reserved 1114112K
  class space    used 6176K, committed 6720K, reserved 1048576K
}
Event: 52.921 GC heap before
{Heap before GC invocations=36 (full 2):
 PSYoungGen      total 20992K, used 5113K [0x00000000d5580000, 0x00000000d7e80000, 0x0000000100000000)
  eden space 19456K, 18% used [0x00000000d5580000,0x00000000d5903b60,0x00000000d6880000)
  from space 1536K, 98% used [0x00000000d6980000,0x00000000d6afabb8,0x00000000d6b00000)
  to   space 11264K, 0% used [0x00000000d7380000,0x00000000d7380000,0x00000000d7e80000)
 ParOldGen       total 68608K, used 54391K [0x0000000080000000, 0x0000000084300000, 0x00000000d5580000)
  object space 68608K, 79% used [0x0000000080000000,0x000000008351de50,0x0000000084300000)
 Metaspace       used 58457K, committed 59776K, reserved 1114112K
  class space    used 6199K, committed 6784K, reserved 1048576K
}
Event: 52.928 GC heap after
{Heap after GC invocations=36 (full 2):
 PSYoungGen      total 21504K, used 1664K [0x00000000d5580000, 0x00000000d7580000, 0x0000000100000000)
  eden space 19456K, 0% used [0x00000000d5580000,0x00000000d5580000,0x00000000d6880000)
  from space 2048K, 81% used [0x00000000d7380000,0x00000000d7520000,0x00000000d7580000)
  to   space 4608K, 0% used [0x00000000d6c80000,0x00000000d6c80000,0x00000000d7100000)
 ParOldGen       total 68608K, used 55223K [0x0000000080000000, 0x0000000084300000, 0x00000000d5580000)
  object space 68608K, 80% used [0x0000000080000000,0x00000000835edd48,0x0000000084300000)
 Metaspace       used 58457K, committed 59776K, reserved 1114112K
  class space    used 6199K, committed 6784K, reserved 1048576K
}
Event: 52.928 GC heap before
{Heap before GC invocations=37 (full 3):
 PSYoungGen      total 21504K, used 1664K [0x00000000d5580000, 0x00000000d7580000, 0x0000000100000000)
  eden space 19456K, 0% used [0x00000000d5580000,0x00000000d5580000,0x00000000d6880000)
  from space 2048K, 81% used [0x00000000d7380000,0x00000000d7520000,0x00000000d7580000)
  to   space 4608K, 0% used [0x00000000d6c80000,0x00000000d6c80000,0x00000000d7100000)
 ParOldGen       total 68608K, used 55223K [0x0000000080000000, 0x0000000084300000, 0x00000000d5580000)
  object space 68608K, 80% used [0x0000000080000000,0x00000000835edd48,0x0000000084300000)
 Metaspace       used 58457K, committed 59776K, reserved 1114112K
  class space    used 6199K, committed 6784K, reserved 1048576K
}
Event: 53.101 GC heap after
{Heap after GC invocations=37 (full 3):
 PSYoungGen      total 21504K, used 0K [0x00000000d5580000, 0x00000000d7580000, 0x0000000100000000)
  eden space 19456K, 0% used [0x00000000d5580000,0x00000000d5580000,0x00000000d6880000)
  from space 2048K, 0% used [0x00000000d7380000,0x00000000d7380000,0x00000000d7580000)
  to   space 4608K, 0% used [0x00000000d6c80000,0x00000000d6c80000,0x00000000d7100000)
 ParOldGen       total 68608K, used 44841K [0x0000000080000000, 0x0000000084300000, 0x00000000d5580000)
  object space 68608K, 65% used [0x0000000080000000,0x0000000082bca778,0x0000000084300000)
 Metaspace       used 58451K, committed 59776K, reserved 1114112K
  class space    used 6197K, committed 6784K, reserved 1048576K
}
Event: 53.638 GC heap before
{Heap before GC invocations=38 (full 3):
 PSYoungGen      total 21504K, used 19456K [0x00000000d5580000, 0x00000000d7580000, 0x0000000100000000)
  eden space 19456K, 100% used [0x00000000d5580000,0x00000000d6880000,0x00000000d6880000)
  from space 2048K, 0% used [0x00000000d7380000,0x00000000d7380000,0x00000000d7580000)
  to   space 4608K, 0% used [0x00000000d6c80000,0x00000000d6c80000,0x00000000d7100000)
 ParOldGen       total 68608K, used 44841K [0x0000000080000000, 0x0000000084300000, 0x00000000d5580000)
  object space 68608K, 65% used [0x0000000080000000,0x0000000082bca778,0x0000000084300000)
 Metaspace       used 59158K, committed 60544K, reserved 1114112K
  class space    used 6289K, committed 6912K, reserved 1048576K
}
Event: 53.647 GC heap after
{Heap after GC invocations=38 (full 3):
 PSYoungGen      total 24064K, used 4595K [0x00000000d5580000, 0x00000000d7480000, 0x0000000100000000)
  eden space 19456K, 0% used [0x00000000d5580000,0x00000000d5580000,0x00000000d6880000)
  from space 4608K, 99% used [0x00000000d6c80000,0x00000000d70fcf18,0x00000000d7100000)
  to   space 3584K, 0% used [0x00000000d7100000,0x00000000d7100000,0x00000000d7480000)
 ParOldGen       total 68608K, used 45337K [0x0000000080000000, 0x0000000084300000, 0x00000000d5580000)
  object space 68608K, 66% used [0x0000000080000000,0x0000000082c46778,0x0000000084300000)
 Metaspace       used 59158K, committed 60544K, reserved 1114112K
  class space    used 6289K, committed 6912K, reserved 1048576K
}
Event: 54.827 GC heap before
{Heap before GC invocations=39 (full 3):
 PSYoungGen      total 24064K, used 24051K [0x00000000d5580000, 0x00000000d7480000, 0x0000000100000000)
  eden space 19456K, 100% used [0x00000000d5580000,0x00000000d6880000,0x00000000d6880000)
  from space 4608K, 99% used [0x00000000d6c80000,0x00000000d70fcf18,0x00000000d7100000)
  to   space 3584K, 0% used [0x00000000d7100000,0x00000000d7100000,0x00000000d7480000)
 ParOldGen       total 68608K, used 45337K [0x0000000080000000, 0x0000000084300000, 0x00000000d5580000)
  object space 68608K, 66% used [0x0000000080000000,0x0000000082c46778,0x0000000084300000)
 Metaspace       used 60893K, committed 62272K, reserved 1114112K
  class space    used 6449K, committed 7040K, reserved 1048576K
}
Event: 54.834 GC heap after
{Heap after GC invocations=39 (full 3):
 PSYoungGen      total 20992K, used 1088K [0x00000000d5580000, 0x00000000d7280000, 0x0000000100000000)
  eden space 19456K, 0% used [0x00000000d5580000,0x00000000d5580000,0x00000000d6880000)
  from space 1536K, 70% used [0x00000000d7100000,0x00000000d7210020,0x00000000d7280000)
  to   space 3072K, 0% used [0x00000000d6c80000,0x00000000d6c80000,0x00000000d6f80000)
 ParOldGen       total 68608K, used 49230K [0x0000000080000000, 0x0000000084300000, 0x00000000d5580000)
  object space 68608K, 71% used [0x0000000080000000,0x0000000083013808,0x0000000084300000)
 Metaspace       used 60893K, committed 62272K, reserved 1114112K
  class space    used 6449K, committed 7040K, reserved 1048576K
}
Event: 55.355 GC heap before
{Heap before GC invocations=40 (full 3):
 PSYoungGen      total 20992K, used 20544K [0x00000000d5580000, 0x00000000d7280000, 0x0000000100000000)
  eden space 19456K, 100% used [0x00000000d5580000,0x00000000d6880000,0x00000000d6880000)
  from space 1536K, 70% used [0x00000000d7100000,0x00000000d7210020,0x00000000d7280000)
  to   space 3072K, 0% used [0x00000000d6c80000,0x00000000d6c80000,0x00000000d6f80000)
 ParOldGen       total 68608K, used 49230K [0x0000000080000000, 0x0000000084300000, 0x00000000d5580000)
  object space 68608K, 71% used [0x0000000080000000,0x0000000083013808,0x0000000084300000)
 Metaspace       used 62046K, committed 63424K, reserved 1114112K
  class space    used 6538K, committed 7168K, reserved 1048576K
}
Event: 55.360 GC heap after
{Heap after GC invocations=40 (full 3):
 PSYoungGen      total 22528K, used 3065K [0x00000000d5580000, 0x00000000d7180000, 0x0000000100000000)
  eden space 19456K, 0% used [0x00000000d5580000,0x00000000d5580000,0x00000000d6880000)
  from space 3072K, 99% used [0x00000000d6c80000,0x00000000d6f7e508,0x00000000d6f80000)
  to   space 2048K, 0% used [0x00000000d6f80000,0x00000000d6f80000,0x00000000d7180000)
 ParOldGen       total 68608K, used 50041K [0x0000000080000000, 0x0000000084300000, 0x00000000d5580000)
  object space 68608K, 72% used [0x0000000080000000,0x00000000830de520,0x0000000084300000)
 Metaspace       used 62046K, committed 63424K, reserved 1114112K
  class space    used 6538K, committed 7168K, reserved 1048576K
}
Event: 56.040 GC heap before
{Heap before GC invocations=41 (full 3):
 PSYoungGen      total 22528K, used 22521K [0x00000000d5580000, 0x00000000d7180000, 0x0000000100000000)
  eden space 19456K, 100% used [0x00000000d5580000,0x00000000d6880000,0x00000000d6880000)
  from space 3072K, 99% used [0x00000000d6c80000,0x00000000d6f7e508,0x00000000d6f80000)
  to   space 2048K, 0% used [0x00000000d6f80000,0x00000000d6f80000,0x00000000d7180000)
 ParOldGen       total 68608K, used 50041K [0x0000000080000000, 0x0000000084300000, 0x00000000d5580000)
  object space 68608K, 72% used [0x0000000080000000,0x00000000830de520,0x0000000084300000)
 Metaspace       used 62500K, committed 63872K, reserved 1114112K
  class space    used 6561K, committed 7168K, reserved 1048576K
}
Event: 56.045 GC heap after
{Heap after GC invocations=41 (full 3):
 PSYoungGen      total 20992K, used 1445K [0x00000000d5580000, 0x00000000d7100000, 0x0000000100000000)
  eden space 19456K, 0% used [0x00000000d5580000,0x00000000d5580000,0x00000000d6880000)
  from space 1536K, 94% used [0x00000000d6f80000,0x00000000d70e9660,0x00000000d7100000)
  to   space 2560K, 0% used [0x00000000d6c00000,0x00000000d6c00000,0x00000000d6e80000)
 ParOldGen       total 68608K, used 51001K [0x0000000080000000, 0x0000000084300000, 0x00000000d5580000)
  object space 68608K, 74% used [0x0000000080000000,0x00000000831ce4f8,0x0000000084300000)
 Metaspace       used 62500K, committed 63872K, reserved 1114112K
  class space    used 6561K, committed 7168K, reserved 1048576K
}
Event: 56.679 GC heap before
{Heap before GC invocations=42 (full 3):
 PSYoungGen      total 20992K, used 20901K [0x00000000d5580000, 0x00000000d7100000, 0x0000000100000000)
  eden space 19456K, 100% used [0x00000000d5580000,0x00000000d6880000,0x00000000d6880000)
  from space 1536K, 94% used [0x00000000d6f80000,0x00000000d70e9660,0x00000000d7100000)
  to   space 2560K, 0% used [0x00000000d6c00000,0x00000000d6c00000,0x00000000d6e80000)
 ParOldGen       total 68608K, used 51001K [0x0000000080000000, 0x0000000084300000, 0x00000000d5580000)
  object space 68608K, 74% used [0x0000000080000000,0x00000000831ce4f8,0x0000000084300000)
 Metaspace       used 62663K, committed 64064K, reserved 1114112K
  class space    used 6564K, committed 7168K, reserved 1048576K
}
Event: 56.687 GC heap after
{Heap after GC invocations=42 (full 3):
 PSYoungGen      total 22016K, used 2333K [0x00000000d5580000, 0x00000000d7000000, 0x0000000100000000)
  eden space 19456K, 0% used [0x00000000d5580000,0x00000000d5580000,0x00000000d6880000)
  from space 2560K, 91% used [0x00000000d6c00000,0x00000000d6e47540,0x00000000d6e80000)
  to   space 1536K, 0% used [0x00000000d6e80000,0x00000000d6e80000,0x00000000d7000000)
 ParOldGen       total 68608K, used 51581K [0x0000000080000000, 0x0000000084300000, 0x00000000d5580000)
  object space 68608K, 75% used [0x0000000080000000,0x000000008325f418,0x0000000084300000)
 Metaspace       used 62663K, committed 64064K, reserved 1114112K
  class space    used 6564K, committed 7168K, reserved 1048576K
}
Event: 57.165 GC heap before
{Heap before GC invocations=43 (full 3):
 PSYoungGen      total 22016K, used 21780K [0x00000000d5580000, 0x00000000d7000000, 0x0000000100000000)
  eden space 19456K, 99% used [0x00000000d5580000,0x00000000d687dc38,0x00000000d6880000)
  from space 2560K, 91% used [0x00000000d6c00000,0x00000000d6e47540,0x00000000d6e80000)
  to   space 1536K, 0% used [0x00000000d6e80000,0x00000000d6e80000,0x00000000d7000000)
 ParOldGen       total 68608K, used 51581K [0x0000000080000000, 0x0000000084300000, 0x00000000d5580000)
  object space 68608K, 75% used [0x0000000080000000,0x000000008325f418,0x0000000084300000)
 Metaspace       used 63046K, committed 64512K, reserved 1114112K
  class space    used 6580K, committed 7232K, reserved 1048576K
}
Event: 57.169 GC heap after
{Heap after GC invocations=43 (full 3):
 PSYoungGen      total 20480K, used 824K [0x00000000d5580000, 0x00000000d6f80000, 0x0000000100000000)
  eden space 19456K, 0% used [0x00000000d5580000,0x00000000d5580000,0x00000000d6880000)
  from space 1024K, 80% used [0x00000000d6e80000,0x00000000d6f4e270,0x00000000d6f80000)
  to   space 1536K, 0% used [0x00000000d6c80000,0x00000000d6c80000,0x00000000d6e00000)
 ParOldGen       total 68608K, used 53084K [0x0000000080000000, 0x0000000084300000, 0x00000000d5580000)
  object space 68608K, 77% used [0x0000000080000000,0x00000000833d7170,0x0000000084300000)
 Metaspace       used 63046K, committed 64512K, reserved 1114112K
  class space    used 6580K, committed 7232K, reserved 1048576K
}

